<?xml version="1.0" encoding="UTF-8"?>
<testng-results ignored="0" total="1" passed="1" failed="0" skipped="0">
  <reporter-output>
  </reporter-output>
  <suite started-at="2025-08-24T22:51:16 IST" name="Default suite" finished-at="2025-08-24T22:51:22 IST" duration-ms="6516">
    <groups>
    </groups>
    <test started-at="2025-08-24T22:51:16 IST" name="Default test" finished-at="2025-08-24T22:51:22 IST" duration-ms="6516">
      <class name="tutorialsninja.register.TC_RF_003">
        <test-method signature="verifyRegistrationWithAllFields()[pri:0, instance:tutorialsninja.register.TC_RF_003@31304f14]" started-at="2025-08-24T22:51:16 IST" name="verifyRegistrationWithAllFields" finished-at="2025-08-24T22:51:22 IST" duration-ms="6477" status="PASS">
          <reporter-output>
          </reporter-output>
        </test-method> <!-- verifyRegistrationWithAllFields -->
      </class> <!-- tutorialsninja.register.TC_RF_003 -->
    </test> <!-- Default test -->
  </suite> <!-- Default suite -->
</testng-results>
